shared/build/intermediates/manifest_merge_blame_file/debug/processDebugManifest/manifest-merger-blame-debug-report.txt
1<?xml version="1.0" encoding="utf-8"?>
2<manifest xmlns:android="http://schemas.android.com/apk/res/android"
3    xmlns:tools="http://schemas.android.com/tools"
4    package="com.example.myapplication.shared" >
5
6    <uses-sdk android:minSdkVersion="29" />
7
8    <uses-permission
8-->src\main\AndroidManifest.xml:38:5-39:40
9        android:name="android.permission.CAMERA"
9-->src\main\AndroidManifest.xml:38:22-62
10        tools:ignore="ManifestOrder" />
10-->src\main\AndroidManifest.xml:39:9-37
11
12    <application android:appCategory="audio" >
12-->src\main\AndroidManifest.xml:5:5-37:19
12-->src\main\AndroidManifest.xml:5:18-45
13
14        <!-- Main Activity with Intent Filter for Launcher -->
15        <activity
15-->src\main\AndroidManifest.xml:8:9-21:20
16            android:name="com.example.myapplication.shared.MainActivity"
16-->src\main\AndroidManifest.xml:9:13-41
17            android:exported="true"
17-->src\main\AndroidManifest.xml:10:13-36
18            android:label="@string/title_activity_main"
18-->src\main\AndroidManifest.xml:11:13-56
19            android:resizeableActivity="true"
19-->src\main\AndroidManifest.xml:12:13-46
20            android:theme="@style/Theme.MyApplication.NoActionBar"
20-->src\main\AndroidManifest.xml:13:13-67
21            tools:targetApi="24" >
21-->src\main\AndroidManifest.xml:14:13-33
22
23            <!-- Launcher Intent Filter -->
24            <intent-filter>
24-->src\main\AndroidManifest.xml:17:13-20:29
25                <action android:name="android.intent.action.MAIN" />
25-->src\main\AndroidManifest.xml:18:17-69
25-->src\main\AndroidManifest.xml:18:25-66
26
27                <category android:name="android.intent.category.LAUNCHER" />
27-->src\main\AndroidManifest.xml:19:17-77
27-->src\main\AndroidManifest.xml:19:27-74
28            </intent-filter>
29        </activity>
30
31        <!-- Google Car App Metadata -->
32        <meta-data
32-->src\main\AndroidManifest.xml:24:9-26:59
33            android:name="com.google.android.gms.car.application"
33-->src\main\AndroidManifest.xml:25:13-66
34            android:resource="@xml/automotive_app_desc" />
34-->src\main\AndroidManifest.xml:26:13-56
35
36        <!-- Music Service for Media Browser -->
37        <service
37-->src\main\AndroidManifest.xml:29:9-35:19
38            android:name="com.example.myapplication.shared.MyMusicService"
38-->src\main\AndroidManifest.xml:30:13-43
39            android:exported="true" >
39-->src\main\AndroidManifest.xml:31:13-36
40            <intent-filter>
40-->src\main\AndroidManifest.xml:32:13-34:29
41                <action android:name="android.media.browse.MediaBrowserService" />
41-->src\main\AndroidManifest.xml:33:17-83
41-->src\main\AndroidManifest.xml:33:25-80
42            </intent-filter>
43        </service>
44    </application>
45
46</manifest>